<?xml version="1.0" encoding="UTF-8"?>
<!-- Generated by org.testng.reporters.JUnitXMLReporter -->
<testsuite ignored="0" hostname="Rahuls-MacBook-Pro.local" failures="0" tests="5" name="smoke testing" time="0.066" errors="0" timestamp="08 Dec 2017 07:49:02 GMT">
  <testcase classname="Packtwo.Annotations" name="test1" time="0.007"/>
  <testcase classname="Packtwo.Annotations" name="test2" time="0.003"/>
  <testcase classname="Packtwo.dependency" name="vtest1" time="0.002"/>
  <testcase classname="Packtwo.dependency" name="vtest2" time="0.002"/>
  <testcase classname="Packtwo.dependency" name="test2" time="0.001"/>
</testsuite> <!-- smoke testing -->
