<?xml version="1.0" encoding="UTF-8"?>
<!-- Generated by org.testng.reporters.JUnitXMLReporter -->
<testsuite ignored="0" hostname="Rahuls-MacBook-Pro.local" failures="1" tests="1" name="Test" time="0.052" errors="0" timestamp="20 Mar 2018 11:49:07 GMT">
  <testcase classname="Request.DataResponse" name="GetResponse" time="0.016">
    <failure type="java.lang.Error" message="Unresolved compilation problems: 
	Response cannot be resolved to a type
	RestAssured cannot be resolved
">
      <![CDATA[java.lang.Error: Unresolved compilation problems: Response cannot be resolved to a typeRestAssured cannot be resolvedat Request.DataResponse.GetResponse(DataResponse.java:13)... Removed 25 stack frames]]>
    </failure>
  </testcase> <!-- GetResponse -->
</testsuite> <!-- Test -->
