<?xml version="1.0" encoding="UTF-8"?>
<testng-results ignored="0" total="1" passed="0" failed="1" skipped="0">
  <reporter-output>
  </reporter-output>
  <suite started-at="2018-01-08T13:57:16Z" name="Default suite" finished-at="2018-01-08T13:57:23Z" duration-ms="6700">
    <groups>
    </groups>
    <test started-at="2018-01-08T13:57:16Z" name="Default test" finished-at="2018-01-08T13:57:23Z" duration-ms="6700">
      <class name="Testcases.LoginapplicationPF">
        <test-method signature="login()[pri:0, instance:Testcases.LoginapplicationPF@4d02f94e]" started-at="2018-01-08T19:27:16Z" name="login" finished-at="2018-01-08T19:27:23Z" duration-ms="6665" status="FAIL">
          <exception class="org.openqa.selenium.InvalidSelectorException">
            <message>
              <![CDATA[An error occurred while searching for an element by XPath. (WARNING: The server did not provide any stacktrace information)Command duration or timeout: 0 millisecondsFor documentation on this error, please visit: http://seleniumhq.org/exceptions/invalid_selector_exception.htmlBuild info: version: '3.8.0', revision: '924c4067df', time: '2017-11-30T11:37:19.049Z'System info: host: 'Rahuls-MacBook-Pro.local', ip: '192.168.0.107', os.name: 'Mac OS X', os.arch: 'x86_64', os.version: '10.13.2', java.version: '9.0.1'Driver info: org.openqa.selenium.safari.SafariDriverCapabilities {applicationCacheEnabled: true, browserName: safari, cleanSession: true, cssSelectorsEnabled: true, databaseEnabled: true, handlesAlerts: true, javascriptEnabled: true, locationContextEnabled: false, nativeEvents: true, platform: MAC, platformName: MAC, rotatable: false, version: 13604.4.7.1.3, webStorageEnabled: true}Session ID: 90ED0F29-7FA7-4D50-811D-70E0925E0378*** Element info: {Using=xpath, value=//*[@id=\"queryTop\"]/input}]]>
            </message>
            <full-stacktrace>
              <![CDATA[org.openqa.selenium.InvalidSelectorException: An error occurred while searching for an element by XPath. (WARNING: The server did not provide any stacktrace information)Command duration or timeout: 0 millisecondsFor documentation on this error, please visit: http://seleniumhq.org/exceptions/invalid_selector_exception.htmlBuild info: version: '3.8.0', revision: '924c4067df', time: '2017-11-30T11:37:19.049Z'System info: host: 'Rahuls-MacBook-Pro.local', ip: '192.168.0.107', os.name: 'Mac OS X', os.arch: 'x86_64', os.version: '10.13.2', java.version: '9.0.1'Driver info: org.openqa.selenium.safari.SafariDriverCapabilities {applicationCacheEnabled: true, browserName: safari, cleanSession: true, cssSelectorsEnabled: true, databaseEnabled: true, handlesAlerts: true, javascriptEnabled: true, locationContextEnabled: false, nativeEvents: true, platform: MAC, platformName: MAC, rotatable: false, version: 13604.4.7.1.3, webStorageEnabled: true}Session ID: 90ED0F29-7FA7-4D50-811D-70E0925E0378*** Element info: {Using=xpath, value=//*[@id=\"queryTop\"]/input}at java.base/jdk.internal.reflect.NativeConstructorAccessorImpl.newInstance0(Native Method)at java.base/jdk.internal.reflect.NativeConstructorAccessorImpl.newInstance(NativeConstructorAccessorImpl.java:62)at java.base/jdk.internal.reflect.DelegatingConstructorAccessorImpl.newInstance(DelegatingConstructorAccessorImpl.java:45)at java.base/java.lang.reflect.Constructor.newInstance(Constructor.java:488)at org.openqa.selenium.remote.ErrorHandler.createThrowable(ErrorHandler.java:214)at org.openqa.selenium.remote.ErrorHandler.throwIfResponseFailed(ErrorHandler.java:166)at org.openqa.selenium.remote.http.JsonHttpResponseCodec.reconstructValue(JsonHttpResponseCodec.java:40)at org.openqa.selenium.remote.http.AbstractHttpResponseCodec.decode(AbstractHttpResponseCodec.java:80)at org.openqa.selenium.remote.http.AbstractHttpResponseCodec.decode(AbstractHttpResponseCodec.java:44)at org.openqa.selenium.remote.HttpCommandExecutor.execute(HttpCommandExecutor.java:164)at org.openqa.selenium.remote.service.DriverCommandExecutor.execute(DriverCommandExecutor.java:83)at org.openqa.selenium.remote.RemoteWebDriver.execute(RemoteWebDriver.java:601)at org.openqa.selenium.remote.RemoteWebDriver.findElement(RemoteWebDriver.java:371)at org.openqa.selenium.remote.RemoteWebDriver.findElementByXPath(RemoteWebDriver.java:473)at org.openqa.selenium.By$ByXPath.findElement(By.java:361)at org.openqa.selenium.remote.RemoteWebDriver.findElement(RemoteWebDriver.java:363)at org.openqa.selenium.support.pagefactory.DefaultElementLocator.findElement(DefaultElementLocator.java:69)at org.openqa.selenium.support.pagefactory.internal.LocatingElementHandler.invoke(LocatingElementHandler.java:38)at com.sun.proxy.$Proxy9.click(Unknown Source)at Testcases.LoginapplicationPF.login(LoginapplicationPF.java:24)at java.base/jdk.internal.reflect.NativeMethodAccessorImpl.invoke0(Native Method)at java.base/jdk.internal.reflect.NativeMethodAccessorImpl.invoke(NativeMethodAccessorImpl.java:62)at java.base/jdk.internal.reflect.DelegatingMethodAccessorImpl.invoke(DelegatingMethodAccessorImpl.java:43)at java.base/java.lang.reflect.Method.invoke(Method.java:564)at org.testng.internal.MethodInvocationHelper.invokeMethod(MethodInvocationHelper.java:124)at org.testng.internal.Invoker.invokeMethod(Invoker.java:571)at org.testng.internal.Invoker.invokeTestMethod(Invoker.java:707)at org.testng.internal.Invoker.invokeTestMethods(Invoker.java:979)at org.testng.internal.TestMethodWorker.invokeTestMethods(TestMethodWorker.java:125)at org.testng.internal.TestMethodWorker.run(TestMethodWorker.java:109)at org.testng.TestRunner.privateRun(TestRunner.java:648)at org.testng.TestRunner.run(TestRunner.java:505)at org.testng.SuiteRunner.runTest(SuiteRunner.java:455)at org.testng.SuiteRunner.runSequentially(SuiteRunner.java:450)at org.testng.SuiteRunner.privateRun(SuiteRunner.java:415)at org.testng.SuiteRunner.run(SuiteRunner.java:364)at org.testng.SuiteRunnerWorker.runSuite(SuiteRunnerWorker.java:52)at org.testng.SuiteRunnerWorker.run(SuiteRunnerWorker.java:84)at org.testng.TestNG.runSuitesSequentially(TestNG.java:1187)at org.testng.TestNG.runSuitesLocally(TestNG.java:1116)at org.testng.TestNG.runSuites(TestNG.java:1028)at org.testng.TestNG.run(TestNG.java:996)at org.testng.remote.AbstractRemoteTestNG.run(AbstractRemoteTestNG.java:114)at org.testng.remote.RemoteTestNG.initAndRun(RemoteTestNG.java:251)at org.testng.remote.RemoteTestNG.main(RemoteTestNG.java:77)]]>
            </full-stacktrace>
          </exception> <!-- org.openqa.selenium.InvalidSelectorException -->
          <reporter-output>
          </reporter-output>
        </test-method> <!-- login -->
      </class> <!-- Testcases.LoginapplicationPF -->
    </test> <!-- Default test -->
  </suite> <!-- Default suite -->
</testng-results>
