<?xml version="1.0" encoding="UTF-8"?>
<testng-results ignored="0" total="1" passed="1" failed="0" skipped="0">
  <reporter-output>
  </reporter-output>
  <suite started-at="2018-09-10T06:49:33Z" name="Default suite" finished-at="2018-09-10T06:49:33Z" duration-ms="49">
    <groups>
    </groups>
    <test started-at="2018-09-10T06:49:33Z" name="Default test" finished-at="2018-09-10T06:49:33Z" duration-ms="49">
      <class name="sample.add">
        <test-method signature="demo()[pri:0, instance:sample.add@383bfa16]" started-at="2018-09-10T12:19:33Z" name="demo" finished-at="2018-09-10T12:19:33Z" duration-ms="19" status="PASS">
          <reporter-output>
          </reporter-output>
        </test-method> <!-- demo -->
      </class> <!-- sample.add -->
    </test> <!-- Default test -->
  </suite> <!-- Default suite -->
</testng-results>
