<?xml version="1.0" encoding="UTF-8"?>
<testng-results ignored="0" total="1" passed="1" failed="0" skipped="0">
  <reporter-output>
  </reporter-output>
  <suite started-at="2018-07-09T16:36:20Z" name="Default suite" finished-at="2018-07-09T16:36:33Z" duration-ms="12491">
    <groups>
    </groups>
    <test started-at="2018-07-09T16:36:20Z" name="Default test" finished-at="2018-07-09T16:36:33Z" duration-ms="12491">
      <class name="loginpage.loginpage">
        <test-method signature="login()[pri:0, instance:loginpage.loginpage@483f6d77]" started-at="2018-07-09T22:06:20Z" name="login" finished-at="2018-07-09T22:06:33Z" duration-ms="12459" status="PASS">
          <reporter-output>
          </reporter-output>
        </test-method> <!-- login -->
      </class> <!-- loginpage.loginpage -->
    </test> <!-- Default test -->
  </suite> <!-- Default suite -->
</testng-results>
