<?xml version="1.0" encoding="UTF-8"?>
<testng-results ignored="0" total="1" passed="1" failed="0" skipped="0">
  <reporter-output>
  </reporter-output>
  <suite started-at="2017-12-14T07:19:44Z" name="Default suite" finished-at="2017-12-14T07:19:44Z" duration-ms="33">
    <groups>
    </groups>
    <test started-at="2017-12-14T07:19:44Z" name="Default test" finished-at="2017-12-14T07:19:44Z" duration-ms="33">
      <class name="Packtwo.annot2">
        <test-method is-config="true" signature="suite()[pri:0, instance:Packtwo.annot2@32b260fa]" started-at="2017-12-14T12:49:27Z" name="suite" finished-at="2017-12-14T12:49:44Z" duration-ms="16898" status="PASS">
          <reporter-output>
          </reporter-output>
        </test-method> <!-- suite -->
        <test-method signature="test()[pri:0, instance:Packtwo.annot2@32b260fa]" started-at="2017-12-14T12:49:44Z" name="test" finished-at="2017-12-14T12:49:44Z" duration-ms="9" status="PASS">
          <reporter-output>
          </reporter-output>
        </test-method> <!-- test -->
        <test-method is-config="true" signature="suite2()[pri:0, instance:Packtwo.annot2@32b260fa]" started-at="2017-12-14T12:49:44Z" name="suite2" finished-at="2017-12-14T12:49:44Z" duration-ms="0" status="PASS">
          <reporter-output>
          </reporter-output>
        </test-method> <!-- suite2 -->
      </class> <!-- Packtwo.annot2 -->
    </test> <!-- Default test -->
  </suite> <!-- Default suite -->
</testng-results>
